<?xml version="1.0" encoding="UTF-8"?>
<!-- Generated by org.testng.reporters.JUnitXMLReporter -->
<testsuite hostname="nw53680" failures="1" tests="2" name="TestNG tests" time="0.054" errors="0" timestamp="4 Mar 2021 15:03:36 GMT">
  <testcase classname="grades.GradeSchemeNGTest" name="testGetGrade" time="0.004"/>
  <testcase classname="grades.GradeSchemeNGTest" name="testIsFreezing" time="0.002">
    <failure type="java.lang.AssertionError" message="expected [true] but found [false]">
      <![CDATA[java.lang.AssertionError: expected [true] but found [false]
	at grades.GradeSchemeNGTest.testIsFreezing(GradeSchemeNGTest.java:67)
... Removed 28 stack frames]]>
    </failure>
  </testcase> <!-- testIsFreezing -->
</testsuite> <!-- TestNG tests -->
